<?xml version="1.0" encoding="utf-8"?><testsuites name="pytest tests"><testsuite name="pytest" errors="0" failures="0" skipped="0" tests="18" time="7.481" timestamp="2026-04-06T18:40:29.064534+00:00" hostname="agent-env-c4fe665b-3453-4699-9034-5ad664ac9921"><testcase classname="backend.tests.test_smartpay_apis.TestAuthEndpoints" name="test_admin_login_success" time="0.389" /><testcase classname="backend.tests.test_smartpay_apis.TestAuthEndpoints" name="test_user_login_success" time="0.333" /><testcase classname="backend.tests.test_smartpay_apis.TestAuthEndpoints" name="test_login_invalid_credentials" time="0.166" /><testcase classname="backend.tests.test_smartpay_apis.TestWalletEndpoints" name="test_user_dashboard" time="0.525" /><testcase classname="backend.tests.test_smartpay_apis.TestWalletEndpoints" name="test_fund_request_create" time="0.486" /><testcase classname="backend.tests.test_smartpay_apis.TestWalletEndpoints" name="test_fund_requests_list" time="0.502" /><testcase classname="backend.tests.test_smartpay_apis.TestWithdrawalEndpoint" name="test_withdrawal_success" time="0.442" /><testcase classname="backend.tests.test_smartpay_apis.TestWithdrawalEndpoint" name="test_withdrawal_upi_method" time="0.468" /><testcase classname="backend.tests.test_smartpay_apis.TestWithdrawalEndpoint" name="test_withdrawal_paytm_method" time="0.428" /><testcase classname="backend.tests.test_smartpay_apis.TestWithdrawalEndpoint" name="test_withdrawal_insufficient_balance" time="0.461" /><testcase classname="backend.tests.test_smartpay_apis.TestWithdrawalEndpoint" name="test_withdrawal_zero_amount" time="0.480" /><testcase classname="backend.tests.test_smartpay_apis.TestTransactionsEndpoint" name="test_transactions_list" time="0.488" /><testcase classname="backend.tests.test_smartpay_apis.TestMLMEndpoints" name="test_downline_list" time="0.477" /><testcase classname="backend.tests.test_smartpay_apis.TestMLMEndpoints" name="test_commissions_list" time="0.471" /><testcase classname="backend.tests.test_smartpay_apis.TestPackagesEndpoint" name="test_packages_list" time="0.133" /><testcase classname="backend.tests.test_smartpay_apis.TestProductsEndpoint" name="test_products_list" time="0.136" /><testcase classname="backend.tests.test_smartpay_apis.TestOrdersEndpoint" name="test_orders_list" time="0.451" /><testcase classname="backend.tests.test_smartpay_apis.TestRechargeEndpoint" name="test_recharge_history" time="0.452" /></testsuite></testsuites>